<?xml version="1.0" encoding="UTF-8"?>
<!-- Generated by org.testng.reporters.JUnitReportReporter -->
<testsuite hostname="DESKTOP-JET7EDG" failures="0" tests="1" name="testCases.CheckOutPage1_Test" time="15.831" errors="0" timestamp="2023-12-06T20:59:18 IST" skipped="0">
  <testcase classname="testCases.CheckOutPage1_Test" name="verifyTitleofApplicationTest" time="15.831"/>
  <system-out>
    <![CDATA[Title of check out page 1 = Checkout: Your Information]]>
  </system-out>
</testsuite> <!-- testCases.CheckOutPage1_Test -->
