<?xml version="1.0" encoding="UTF-8"?>
<!-- Generated by org.testng.reporters.JUnitReportReporter -->
<testsuite hostname="DESKTOP-JET7EDG" failures="0" tests="2" name="testCases.CheckOutPage2Test" time="28.517" errors="0" timestamp="2023-12-06T21:16:45 IST" skipped="0">
  <testcase classname="testCases.CheckOutPage2Test" name="verifyLableTest" time="12.089"/>
  <system-out>
    <![CDATA[Lable of check out page 2 = Checkout: Overview]]>
  </system-out>
  <testcase classname="testCases.CheckOutPage2Test" name="clickOnFinishBtnTest" time="16.428"/>
  <system-out>
    <![CDATA[Url of Complete Page = https://www.saucedemo.com/checkout-complete.html]]>
  </system-out>
</testsuite> <!-- testCases.CheckOutPage2Test -->
