<?xml version="1.0" encoding="UTF-8"?>
<!-- Generated by org.testng.reporters.JUnitReportReporter -->
<testsuite hostname="DESKTOP-JET7EDG" failures="0" tests="2" name="testCases.Cart_Page_Test" time="15.267" errors="0" timestamp="2023-12-06T18:22:07 IST" skipped="0">
  <testcase classname="testCases.Cart_Page_Test" name="verifyTitleCartPageTest" time="8.837"/>
  <system-out>
    <![CDATA[Title of Crat pageYour Cart]]>
  </system-out>
  <testcase classname="testCases.Cart_Page_Test" name="verifyURLOfApplicationTest" time="6.430"/>
  <system-out>
    <![CDATA[URL of cart page = https://www.saucedemo.com/cart.html]]>
  </system-out>
</testsuite> <!-- testCases.Cart_Page_Test -->
