<?xml version="1.0" encoding="UTF-8"?>
<!-- Generated by org.testng.reporters.JUnitReportReporter -->
<testsuite hostname="DESKTOP-JET7EDG" failures="0" tests="1" name="testCases.LoginPageTest" time="16.816" errors="0" timestamp="2023-12-12T21:04:24 IST" skipped="0">
  <testcase classname="testCases.LoginPageTest" name="loginToApplicationTest" time="16.816"/>
  <system-out/>
</testsuite> <!-- testCases.LoginPageTest -->
